State 35 conflicts: 1 shift/reduce
State 60 conflicts: 1 shift/reduce
State 62 conflicts: 3 shift/reduce
State 78 conflicts: 3 shift/reduce
State 88 conflicts: 3 shift/reduce
State 89 conflicts: 3 shift/reduce
State 90 conflicts: 3 shift/reduce


Grammar

    0 $accept: mad_program $end

    1 mad_program: supported_declarations
    2            | supported_declarations mad_program

    3 supported_declarations: variable_declarations
    4                       | function_declarations

    5 variable_declarations: variable_definitions SEMI

    6 variable_definitions: dtype ID
    7                     | variable_definitions COMMA ID

    8 dtype: DTYPE_INT
    9      | DTYPE_BOOL

   10 function_declarations: dtype ID OPENPAREN argument_list CLOSEPAREN statement_block
   11                      | VOID ID OPENPAREN argument_list CLOSEPAREN statement_block

   12 argument_list: dtype ID COMMA argument_list
   13              | dtype ID
   14              | %empty

   15 statement_block: OPENCURLY variable_list statement_list CLOSECURLY

   16 variable_list: %empty
   17              | variable_declarations variable_list

   18 statement_list: %empty
   19               | supported_statement statement_list

   20 supported_statement: alr_subexpression SEMI
   21                    | if_statement
   22                    | while_statement
   23                    | for_statement
   24                    | return_statement
   25                    | print_statement
   26                    | statement_block

   27 if_statement: IF OPENPAREN alr_subexpression CLOSEPAREN statement_block else_statement

   28 else_statement: %empty
   29               | ELSE supported_statement

   30 while_statement: WHILE OPENPAREN alr_subexpression CLOSEPAREN

   31 for_statement: FOR OPENPAREN alr_subexpression SEMI alr_subexpression SEMI alr_subexpression OPENPAREN statement_block

   32 return_statement: RETURN SEMI
   33                 | RETURN alr_subexpression SEMI

   34 print_statement: PRINT OPENPAREN alr_subexpression CLOSEPAREN SEMI

   35 alr_subexpression: ID EQ alr_subexpression
   36                  | supported_constant
   37                  | ID
   38                  | ID OPENPAREN id_list CLOSEPAREN
   39                  | OPENPAREN alr_subexpression CLOSEPAREN
   40                  | alr_subexpression ARITH alr_subexpression
   41                  | OPENNEGATE alr_subexpression CLOSEPAREN
   42                  | alr_subexpression RELN alr_subexpression
   43                  | alr_subexpression LOGICAL alr_subexpression
   44                  | LOGICALNOT alr_subexpression
   45                  | READ OPENPAREN CLOSEPAREN

   46 id_list: ID COMMA id_list
   47        | ID
   48        | %empty

   49 supported_constant: INTCONST
   50                   | BOOLCONST
   51                   | OPENNEGATE INTCONST CLOSEPAREN


Terminals, with rules where they appear

$end (0) 0
error (256)
ID (258) 6 7 10 11 12 13 35 37 38 46 47
COMMA (259) 7 12 46
SEMI (260) 5 20 31 32 33 34
OPENPAREN (261) 10 11 27 30 31 34 38 39 45
CLOSEPAREN (262) 10 11 27 30 34 38 39 41 45 51
OPENCURLY (263) 15
CLOSECURLY (264) 15
OPENNEGATE (265) 41 51
VOID (266) 11
DTYPE_INT (267) 8
DTYPE_BOOL (268) 9
EQ (269) 35
ARITH (270) 40
RELN (271) 42
LOGICAL (272) 43
LOGICALNOT (273) 44
IF (274) 27
ELSE (275) 29
WHILE (276) 30
FOR (277) 31
RETURN (278) 32 33
PRINT (279) 34
READ (280) 45
BOOLCONST (281) 50
INTCONST (282) 49 51


Nonterminals, with rules where they appear

$accept (28)
    on left: 0
mad_program (29)
    on left: 1 2, on right: 0 2
supported_declarations (30)
    on left: 3 4, on right: 1 2
variable_declarations (31)
    on left: 5, on right: 3 17
variable_definitions (32)
    on left: 6 7, on right: 5 7
dtype (33)
    on left: 8 9, on right: 6 10 12 13
function_declarations (34)
    on left: 10 11, on right: 4
argument_list (35)
    on left: 12 13 14, on right: 10 11 12
statement_block (36)
    on left: 15, on right: 10 11 26 27 31
variable_list (37)
    on left: 16 17, on right: 15 17
statement_list (38)
    on left: 18 19, on right: 15 19
supported_statement (39)
    on left: 20 21 22 23 24 25 26, on right: 19 29
if_statement (40)
    on left: 27, on right: 21
else_statement (41)
    on left: 28 29, on right: 27
while_statement (42)
    on left: 30, on right: 22
for_statement (43)
    on left: 31, on right: 23
return_statement (44)
    on left: 32 33, on right: 24
print_statement (45)
    on left: 34, on right: 25
alr_subexpression (46)
    on left: 35 36 37 38 39 40 41 42 43 44 45, on right: 20 27 30 31
    33 34 35 39 40 41 42 43 44
id_list (47)
    on left: 46 47 48, on right: 38 46
supported_constant (48)
    on left: 49 50 51, on right: 36


State 0

    0 $accept: . mad_program $end

    VOID        shift, and go to state 1
    DTYPE_INT   shift, and go to state 2
    DTYPE_BOOL  shift, and go to state 3

    mad_program             go to state 4
    supported_declarations  go to state 5
    variable_declarations   go to state 6
    variable_definitions    go to state 7
    dtype                   go to state 8
    function_declarations   go to state 9


State 1

   11 function_declarations: VOID . ID OPENPAREN argument_list CLOSEPAREN statement_block

    ID  shift, and go to state 10


State 2

    8 dtype: DTYPE_INT .

    $default  reduce using rule 8 (dtype)


State 3

    9 dtype: DTYPE_BOOL .

    $default  reduce using rule 9 (dtype)


State 4

    0 $accept: mad_program . $end

    $end  shift, and go to state 11


State 5

    1 mad_program: supported_declarations .
    2            | supported_declarations . mad_program

    VOID        shift, and go to state 1
    DTYPE_INT   shift, and go to state 2
    DTYPE_BOOL  shift, and go to state 3

    $default  reduce using rule 1 (mad_program)

    mad_program             go to state 12
    supported_declarations  go to state 5
    variable_declarations   go to state 6
    variable_definitions    go to state 7
    dtype                   go to state 8
    function_declarations   go to state 9


State 6

    3 supported_declarations: variable_declarations .

    $default  reduce using rule 3 (supported_declarations)


State 7

    5 variable_declarations: variable_definitions . SEMI
    7 variable_definitions: variable_definitions . COMMA ID

    COMMA  shift, and go to state 13
    SEMI   shift, and go to state 14


State 8

    6 variable_definitions: dtype . ID
   10 function_declarations: dtype . ID OPENPAREN argument_list CLOSEPAREN statement_block

    ID  shift, and go to state 15


State 9

    4 supported_declarations: function_declarations .

    $default  reduce using rule 4 (supported_declarations)


State 10

   11 function_declarations: VOID ID . OPENPAREN argument_list CLOSEPAREN statement_block

    OPENPAREN  shift, and go to state 16


State 11

    0 $accept: mad_program $end .

    $default  accept


State 12

    2 mad_program: supported_declarations mad_program .

    $default  reduce using rule 2 (mad_program)


State 13

    7 variable_definitions: variable_definitions COMMA . ID

    ID  shift, and go to state 17


State 14

    5 variable_declarations: variable_definitions SEMI .

    $default  reduce using rule 5 (variable_declarations)


State 15

    6 variable_definitions: dtype ID .
   10 function_declarations: dtype ID . OPENPAREN argument_list CLOSEPAREN statement_block

    OPENPAREN  shift, and go to state 18

    $default  reduce using rule 6 (variable_definitions)


State 16

   11 function_declarations: VOID ID OPENPAREN . argument_list CLOSEPAREN statement_block

    DTYPE_INT   shift, and go to state 2
    DTYPE_BOOL  shift, and go to state 3

    $default  reduce using rule 14 (argument_list)

    dtype          go to state 19
    argument_list  go to state 20


State 17

    7 variable_definitions: variable_definitions COMMA ID .

    $default  reduce using rule 7 (variable_definitions)


State 18

   10 function_declarations: dtype ID OPENPAREN . argument_list CLOSEPAREN statement_block

    DTYPE_INT   shift, and go to state 2
    DTYPE_BOOL  shift, and go to state 3

    $default  reduce using rule 14 (argument_list)

    dtype          go to state 19
    argument_list  go to state 21


State 19

   12 argument_list: dtype . ID COMMA argument_list
   13              | dtype . ID

    ID  shift, and go to state 22


State 20

   11 function_declarations: VOID ID OPENPAREN argument_list . CLOSEPAREN statement_block

    CLOSEPAREN  shift, and go to state 23


State 21

   10 function_declarations: dtype ID OPENPAREN argument_list . CLOSEPAREN statement_block

    CLOSEPAREN  shift, and go to state 24


State 22

   12 argument_list: dtype ID . COMMA argument_list
   13              | dtype ID .

    COMMA  shift, and go to state 25

    $default  reduce using rule 13 (argument_list)


State 23

   11 function_declarations: VOID ID OPENPAREN argument_list CLOSEPAREN . statement_block

    OPENCURLY  shift, and go to state 26

    statement_block  go to state 27


State 24

   10 function_declarations: dtype ID OPENPAREN argument_list CLOSEPAREN . statement_block

    OPENCURLY  shift, and go to state 26

    statement_block  go to state 28


State 25

   12 argument_list: dtype ID COMMA . argument_list

    DTYPE_INT   shift, and go to state 2
    DTYPE_BOOL  shift, and go to state 3

    $default  reduce using rule 14 (argument_list)

    dtype          go to state 19
    argument_list  go to state 29


State 26

   15 statement_block: OPENCURLY . variable_list statement_list CLOSECURLY

    DTYPE_INT   shift, and go to state 2
    DTYPE_BOOL  shift, and go to state 3

    $default  reduce using rule 16 (variable_list)

    variable_declarations  go to state 30
    variable_definitions   go to state 7
    dtype                  go to state 31
    variable_list          go to state 32


State 27

   11 function_declarations: VOID ID OPENPAREN argument_list CLOSEPAREN statement_block .

    $default  reduce using rule 11 (function_declarations)


State 28

   10 function_declarations: dtype ID OPENPAREN argument_list CLOSEPAREN statement_block .

    $default  reduce using rule 10 (function_declarations)


State 29

   12 argument_list: dtype ID COMMA argument_list .

    $default  reduce using rule 12 (argument_list)


State 30

   17 variable_list: variable_declarations . variable_list

    DTYPE_INT   shift, and go to state 2
    DTYPE_BOOL  shift, and go to state 3

    $default  reduce using rule 16 (variable_list)

    variable_declarations  go to state 30
    variable_definitions   go to state 7
    dtype                  go to state 31
    variable_list          go to state 33


State 31

    6 variable_definitions: dtype . ID

    ID  shift, and go to state 34


State 32

   15 statement_block: OPENCURLY variable_list . statement_list CLOSECURLY

    ID          shift, and go to state 35
    OPENPAREN   shift, and go to state 36
    OPENCURLY   shift, and go to state 26
    OPENNEGATE  shift, and go to state 37
    LOGICALNOT  shift, and go to state 38
    IF          shift, and go to state 39
    WHILE       shift, and go to state 40
    FOR         shift, and go to state 41
    RETURN      shift, and go to state 42
    PRINT       shift, and go to state 43
    READ        shift, and go to state 44
    BOOLCONST   shift, and go to state 45
    INTCONST    shift, and go to state 46

    $default  reduce using rule 18 (statement_list)

    statement_block      go to state 47
    statement_list       go to state 48
    supported_statement  go to state 49
    if_statement         go to state 50
    while_statement      go to state 51
    for_statement        go to state 52
    return_statement     go to state 53
    print_statement      go to state 54
    alr_subexpression    go to state 55
    supported_constant   go to state 56


State 33

   17 variable_list: variable_declarations variable_list .

    $default  reduce using rule 17 (variable_list)


State 34

    6 variable_definitions: dtype ID .

    $default  reduce using rule 6 (variable_definitions)


State 35

   35 alr_subexpression: ID . EQ alr_subexpression
   37                  | ID .
   38                  | ID . OPENPAREN id_list CLOSEPAREN

    OPENPAREN  shift, and go to state 57
    EQ         shift, and go to state 58

    OPENPAREN  [reduce using rule 37 (alr_subexpression)]
    $default   reduce using rule 37 (alr_subexpression)


State 36

   39 alr_subexpression: OPENPAREN . alr_subexpression CLOSEPAREN

    ID          shift, and go to state 35
    OPENPAREN   shift, and go to state 36
    OPENNEGATE  shift, and go to state 37
    LOGICALNOT  shift, and go to state 38
    READ        shift, and go to state 44
    BOOLCONST   shift, and go to state 45
    INTCONST    shift, and go to state 46

    alr_subexpression   go to state 59
    supported_constant  go to state 56


State 37

   41 alr_subexpression: OPENNEGATE . alr_subexpression CLOSEPAREN
   51 supported_constant: OPENNEGATE . INTCONST CLOSEPAREN

    ID          shift, and go to state 35
    OPENPAREN   shift, and go to state 36
    OPENNEGATE  shift, and go to state 37
    LOGICALNOT  shift, and go to state 38
    READ        shift, and go to state 44
    BOOLCONST   shift, and go to state 45
    INTCONST    shift, and go to state 60

    alr_subexpression   go to state 61
    supported_constant  go to state 56


State 38

   44 alr_subexpression: LOGICALNOT . alr_subexpression

    ID          shift, and go to state 35
    OPENPAREN   shift, and go to state 36
    OPENNEGATE  shift, and go to state 37
    LOGICALNOT  shift, and go to state 38
    READ        shift, and go to state 44
    BOOLCONST   shift, and go to state 45
    INTCONST    shift, and go to state 46

    alr_subexpression   go to state 62
    supported_constant  go to state 56


State 39

   27 if_statement: IF . OPENPAREN alr_subexpression CLOSEPAREN statement_block else_statement

    OPENPAREN  shift, and go to state 63


State 40

   30 while_statement: WHILE . OPENPAREN alr_subexpression CLOSEPAREN

    OPENPAREN  shift, and go to state 64


State 41

   31 for_statement: FOR . OPENPAREN alr_subexpression SEMI alr_subexpression SEMI alr_subexpression OPENPAREN statement_block

    OPENPAREN  shift, and go to state 65


State 42

   32 return_statement: RETURN . SEMI
   33                 | RETURN . alr_subexpression SEMI

    ID          shift, and go to state 35
    SEMI        shift, and go to state 66
    OPENPAREN   shift, and go to state 36
    OPENNEGATE  shift, and go to state 37
    LOGICALNOT  shift, and go to state 38
    READ        shift, and go to state 44
    BOOLCONST   shift, and go to state 45
    INTCONST    shift, and go to state 46

    alr_subexpression   go to state 67
    supported_constant  go to state 56


State 43

   34 print_statement: PRINT . OPENPAREN alr_subexpression CLOSEPAREN SEMI

    OPENPAREN  shift, and go to state 68


State 44

   45 alr_subexpression: READ . OPENPAREN CLOSEPAREN

    OPENPAREN  shift, and go to state 69


State 45

   50 supported_constant: BOOLCONST .

    $default  reduce using rule 50 (supported_constant)


State 46

   49 supported_constant: INTCONST .

    $default  reduce using rule 49 (supported_constant)


State 47

   26 supported_statement: statement_block .

    $default  reduce using rule 26 (supported_statement)


State 48

   15 statement_block: OPENCURLY variable_list statement_list . CLOSECURLY

    CLOSECURLY  shift, and go to state 70


State 49

   19 statement_list: supported_statement . statement_list

    ID          shift, and go to state 35
    OPENPAREN   shift, and go to state 36
    OPENCURLY   shift, and go to state 26
    OPENNEGATE  shift, and go to state 37
    LOGICALNOT  shift, and go to state 38
    IF          shift, and go to state 39
    WHILE       shift, and go to state 40
    FOR         shift, and go to state 41
    RETURN      shift, and go to state 42
    PRINT       shift, and go to state 43
    READ        shift, and go to state 44
    BOOLCONST   shift, and go to state 45
    INTCONST    shift, and go to state 46

    $default  reduce using rule 18 (statement_list)

    statement_block      go to state 47
    statement_list       go to state 71
    supported_statement  go to state 49
    if_statement         go to state 50
    while_statement      go to state 51
    for_statement        go to state 52
    return_statement     go to state 53
    print_statement      go to state 54
    alr_subexpression    go to state 55
    supported_constant   go to state 56


State 50

   21 supported_statement: if_statement .

    $default  reduce using rule 21 (supported_statement)


State 51

   22 supported_statement: while_statement .

    $default  reduce using rule 22 (supported_statement)


State 52

   23 supported_statement: for_statement .

    $default  reduce using rule 23 (supported_statement)


State 53

   24 supported_statement: return_statement .

    $default  reduce using rule 24 (supported_statement)


State 54

   25 supported_statement: print_statement .

    $default  reduce using rule 25 (supported_statement)


State 55

   20 supported_statement: alr_subexpression . SEMI
   40 alr_subexpression: alr_subexpression . ARITH alr_subexpression
   42                  | alr_subexpression . RELN alr_subexpression
   43                  | alr_subexpression . LOGICAL alr_subexpression

    SEMI     shift, and go to state 72
    ARITH    shift, and go to state 73
    RELN     shift, and go to state 74
    LOGICAL  shift, and go to state 75


State 56

   36 alr_subexpression: supported_constant .

    $default  reduce using rule 36 (alr_subexpression)


State 57

   38 alr_subexpression: ID OPENPAREN . id_list CLOSEPAREN

    ID  shift, and go to state 76

    $default  reduce using rule 48 (id_list)

    id_list  go to state 77


State 58

   35 alr_subexpression: ID EQ . alr_subexpression

    ID          shift, and go to state 35
    OPENPAREN   shift, and go to state 36
    OPENNEGATE  shift, and go to state 37
    LOGICALNOT  shift, and go to state 38
    READ        shift, and go to state 44
    BOOLCONST   shift, and go to state 45
    INTCONST    shift, and go to state 46

    alr_subexpression   go to state 78
    supported_constant  go to state 56


State 59

   39 alr_subexpression: OPENPAREN alr_subexpression . CLOSEPAREN
   40                  | alr_subexpression . ARITH alr_subexpression
   42                  | alr_subexpression . RELN alr_subexpression
   43                  | alr_subexpression . LOGICAL alr_subexpression

    CLOSEPAREN  shift, and go to state 79
    ARITH       shift, and go to state 73
    RELN        shift, and go to state 74
    LOGICAL     shift, and go to state 75


State 60

   49 supported_constant: INTCONST .
   51                   | OPENNEGATE INTCONST . CLOSEPAREN

    CLOSEPAREN  shift, and go to state 80

    CLOSEPAREN  [reduce using rule 49 (supported_constant)]
    $default    reduce using rule 49 (supported_constant)


State 61

   40 alr_subexpression: alr_subexpression . ARITH alr_subexpression
   41                  | OPENNEGATE alr_subexpression . CLOSEPAREN
   42                  | alr_subexpression . RELN alr_subexpression
   43                  | alr_subexpression . LOGICAL alr_subexpression

    CLOSEPAREN  shift, and go to state 81
    ARITH       shift, and go to state 73
    RELN        shift, and go to state 74
    LOGICAL     shift, and go to state 75


State 62

   40 alr_subexpression: alr_subexpression . ARITH alr_subexpression
   42                  | alr_subexpression . RELN alr_subexpression
   43                  | alr_subexpression . LOGICAL alr_subexpression
   44                  | LOGICALNOT alr_subexpression .

    ARITH    shift, and go to state 73
    RELN     shift, and go to state 74
    LOGICAL  shift, and go to state 75

    ARITH     [reduce using rule 44 (alr_subexpression)]
    RELN      [reduce using rule 44 (alr_subexpression)]
    LOGICAL   [reduce using rule 44 (alr_subexpression)]
    $default  reduce using rule 44 (alr_subexpression)


State 63

   27 if_statement: IF OPENPAREN . alr_subexpression CLOSEPAREN statement_block else_statement

    ID          shift, and go to state 35
    OPENPAREN   shift, and go to state 36
    OPENNEGATE  shift, and go to state 37
    LOGICALNOT  shift, and go to state 38
    READ        shift, and go to state 44
    BOOLCONST   shift, and go to state 45
    INTCONST    shift, and go to state 46

    alr_subexpression   go to state 82
    supported_constant  go to state 56


State 64

   30 while_statement: WHILE OPENPAREN . alr_subexpression CLOSEPAREN

    ID          shift, and go to state 35
    OPENPAREN   shift, and go to state 36
    OPENNEGATE  shift, and go to state 37
    LOGICALNOT  shift, and go to state 38
    READ        shift, and go to state 44
    BOOLCONST   shift, and go to state 45
    INTCONST    shift, and go to state 46

    alr_subexpression   go to state 83
    supported_constant  go to state 56


State 65

   31 for_statement: FOR OPENPAREN . alr_subexpression SEMI alr_subexpression SEMI alr_subexpression OPENPAREN statement_block

    ID          shift, and go to state 35
    OPENPAREN   shift, and go to state 36
    OPENNEGATE  shift, and go to state 37
    LOGICALNOT  shift, and go to state 38
    READ        shift, and go to state 44
    BOOLCONST   shift, and go to state 45
    INTCONST    shift, and go to state 46

    alr_subexpression   go to state 84
    supported_constant  go to state 56


State 66

   32 return_statement: RETURN SEMI .

    $default  reduce using rule 32 (return_statement)


State 67

   33 return_statement: RETURN alr_subexpression . SEMI
   40 alr_subexpression: alr_subexpression . ARITH alr_subexpression
   42                  | alr_subexpression . RELN alr_subexpression
   43                  | alr_subexpression . LOGICAL alr_subexpression

    SEMI     shift, and go to state 85
    ARITH    shift, and go to state 73
    RELN     shift, and go to state 74
    LOGICAL  shift, and go to state 75


State 68

   34 print_statement: PRINT OPENPAREN . alr_subexpression CLOSEPAREN SEMI

    ID          shift, and go to state 35
    OPENPAREN   shift, and go to state 36
    OPENNEGATE  shift, and go to state 37
    LOGICALNOT  shift, and go to state 38
    READ        shift, and go to state 44
    BOOLCONST   shift, and go to state 45
    INTCONST    shift, and go to state 46

    alr_subexpression   go to state 86
    supported_constant  go to state 56


State 69

   45 alr_subexpression: READ OPENPAREN . CLOSEPAREN

    CLOSEPAREN  shift, and go to state 87


State 70

   15 statement_block: OPENCURLY variable_list statement_list CLOSECURLY .

    $default  reduce using rule 15 (statement_block)


State 71

   19 statement_list: supported_statement statement_list .

    $default  reduce using rule 19 (statement_list)


State 72

   20 supported_statement: alr_subexpression SEMI .

    $default  reduce using rule 20 (supported_statement)


State 73

   40 alr_subexpression: alr_subexpression ARITH . alr_subexpression

    ID          shift, and go to state 35
    OPENPAREN   shift, and go to state 36
    OPENNEGATE  shift, and go to state 37
    LOGICALNOT  shift, and go to state 38
    READ        shift, and go to state 44
    BOOLCONST   shift, and go to state 45
    INTCONST    shift, and go to state 46

    alr_subexpression   go to state 88
    supported_constant  go to state 56


State 74

   42 alr_subexpression: alr_subexpression RELN . alr_subexpression

    ID          shift, and go to state 35
    OPENPAREN   shift, and go to state 36
    OPENNEGATE  shift, and go to state 37
    LOGICALNOT  shift, and go to state 38
    READ        shift, and go to state 44
    BOOLCONST   shift, and go to state 45
    INTCONST    shift, and go to state 46

    alr_subexpression   go to state 89
    supported_constant  go to state 56


State 75

   43 alr_subexpression: alr_subexpression LOGICAL . alr_subexpression

    ID          shift, and go to state 35
    OPENPAREN   shift, and go to state 36
    OPENNEGATE  shift, and go to state 37
    LOGICALNOT  shift, and go to state 38
    READ        shift, and go to state 44
    BOOLCONST   shift, and go to state 45
    INTCONST    shift, and go to state 46

    alr_subexpression   go to state 90
    supported_constant  go to state 56


State 76

   46 id_list: ID . COMMA id_list
   47        | ID .

    COMMA  shift, and go to state 91

    $default  reduce using rule 47 (id_list)


State 77

   38 alr_subexpression: ID OPENPAREN id_list . CLOSEPAREN

    CLOSEPAREN  shift, and go to state 92


State 78

   35 alr_subexpression: ID EQ alr_subexpression .
   40                  | alr_subexpression . ARITH alr_subexpression
   42                  | alr_subexpression . RELN alr_subexpression
   43                  | alr_subexpression . LOGICAL alr_subexpression

    ARITH    shift, and go to state 73
    RELN     shift, and go to state 74
    LOGICAL  shift, and go to state 75

    ARITH     [reduce using rule 35 (alr_subexpression)]
    RELN      [reduce using rule 35 (alr_subexpression)]
    LOGICAL   [reduce using rule 35 (alr_subexpression)]
    $default  reduce using rule 35 (alr_subexpression)


State 79

   39 alr_subexpression: OPENPAREN alr_subexpression CLOSEPAREN .

    $default  reduce using rule 39 (alr_subexpression)


State 80

   51 supported_constant: OPENNEGATE INTCONST CLOSEPAREN .

    $default  reduce using rule 51 (supported_constant)


State 81

   41 alr_subexpression: OPENNEGATE alr_subexpression CLOSEPAREN .

    $default  reduce using rule 41 (alr_subexpression)


State 82

   27 if_statement: IF OPENPAREN alr_subexpression . CLOSEPAREN statement_block else_statement
   40 alr_subexpression: alr_subexpression . ARITH alr_subexpression
   42                  | alr_subexpression . RELN alr_subexpression
   43                  | alr_subexpression . LOGICAL alr_subexpression

    CLOSEPAREN  shift, and go to state 93
    ARITH       shift, and go to state 73
    RELN        shift, and go to state 74
    LOGICAL     shift, and go to state 75


State 83

   30 while_statement: WHILE OPENPAREN alr_subexpression . CLOSEPAREN
   40 alr_subexpression: alr_subexpression . ARITH alr_subexpression
   42                  | alr_subexpression . RELN alr_subexpression
   43                  | alr_subexpression . LOGICAL alr_subexpression

    CLOSEPAREN  shift, and go to state 94
    ARITH       shift, and go to state 73
    RELN        shift, and go to state 74
    LOGICAL     shift, and go to state 75


State 84

   31 for_statement: FOR OPENPAREN alr_subexpression . SEMI alr_subexpression SEMI alr_subexpression OPENPAREN statement_block
   40 alr_subexpression: alr_subexpression . ARITH alr_subexpression
   42                  | alr_subexpression . RELN alr_subexpression
   43                  | alr_subexpression . LOGICAL alr_subexpression

    SEMI     shift, and go to state 95
    ARITH    shift, and go to state 73
    RELN     shift, and go to state 74
    LOGICAL  shift, and go to state 75


State 85

   33 return_statement: RETURN alr_subexpression SEMI .

    $default  reduce using rule 33 (return_statement)


State 86

   34 print_statement: PRINT OPENPAREN alr_subexpression . CLOSEPAREN SEMI
   40 alr_subexpression: alr_subexpression . ARITH alr_subexpression
   42                  | alr_subexpression . RELN alr_subexpression
   43                  | alr_subexpression . LOGICAL alr_subexpression

    CLOSEPAREN  shift, and go to state 96
    ARITH       shift, and go to state 73
    RELN        shift, and go to state 74
    LOGICAL     shift, and go to state 75


State 87

   45 alr_subexpression: READ OPENPAREN CLOSEPAREN .

    $default  reduce using rule 45 (alr_subexpression)


State 88

   40 alr_subexpression: alr_subexpression . ARITH alr_subexpression
   40                  | alr_subexpression ARITH alr_subexpression .
   42                  | alr_subexpression . RELN alr_subexpression
   43                  | alr_subexpression . LOGICAL alr_subexpression

    ARITH    shift, and go to state 73
    RELN     shift, and go to state 74
    LOGICAL  shift, and go to state 75

    ARITH     [reduce using rule 40 (alr_subexpression)]
    RELN      [reduce using rule 40 (alr_subexpression)]
    LOGICAL   [reduce using rule 40 (alr_subexpression)]
    $default  reduce using rule 40 (alr_subexpression)


State 89

   40 alr_subexpression: alr_subexpression . ARITH alr_subexpression
   42                  | alr_subexpression . RELN alr_subexpression
   42                  | alr_subexpression RELN alr_subexpression .
   43                  | alr_subexpression . LOGICAL alr_subexpression

    ARITH    shift, and go to state 73
    RELN     shift, and go to state 74
    LOGICAL  shift, and go to state 75

    ARITH     [reduce using rule 42 (alr_subexpression)]
    RELN      [reduce using rule 42 (alr_subexpression)]
    LOGICAL   [reduce using rule 42 (alr_subexpression)]
    $default  reduce using rule 42 (alr_subexpression)


State 90

   40 alr_subexpression: alr_subexpression . ARITH alr_subexpression
   42                  | alr_subexpression . RELN alr_subexpression
   43                  | alr_subexpression . LOGICAL alr_subexpression
   43                  | alr_subexpression LOGICAL alr_subexpression .

    ARITH    shift, and go to state 73
    RELN     shift, and go to state 74
    LOGICAL  shift, and go to state 75

    ARITH     [reduce using rule 43 (alr_subexpression)]
    RELN      [reduce using rule 43 (alr_subexpression)]
    LOGICAL   [reduce using rule 43 (alr_subexpression)]
    $default  reduce using rule 43 (alr_subexpression)


State 91

   46 id_list: ID COMMA . id_list

    ID  shift, and go to state 76

    $default  reduce using rule 48 (id_list)

    id_list  go to state 97


State 92

   38 alr_subexpression: ID OPENPAREN id_list CLOSEPAREN .

    $default  reduce using rule 38 (alr_subexpression)


State 93

   27 if_statement: IF OPENPAREN alr_subexpression CLOSEPAREN . statement_block else_statement

    OPENCURLY  shift, and go to state 26

    statement_block  go to state 98


State 94

   30 while_statement: WHILE OPENPAREN alr_subexpression CLOSEPAREN .

    $default  reduce using rule 30 (while_statement)


State 95

   31 for_statement: FOR OPENPAREN alr_subexpression SEMI . alr_subexpression SEMI alr_subexpression OPENPAREN statement_block

    ID          shift, and go to state 35
    OPENPAREN   shift, and go to state 36
    OPENNEGATE  shift, and go to state 37
    LOGICALNOT  shift, and go to state 38
    READ        shift, and go to state 44
    BOOLCONST   shift, and go to state 45
    INTCONST    shift, and go to state 46

    alr_subexpression   go to state 99
    supported_constant  go to state 56


State 96

   34 print_statement: PRINT OPENPAREN alr_subexpression CLOSEPAREN . SEMI

    SEMI  shift, and go to state 100


State 97

   46 id_list: ID COMMA id_list .

    $default  reduce using rule 46 (id_list)


State 98

   27 if_statement: IF OPENPAREN alr_subexpression CLOSEPAREN statement_block . else_statement

    ELSE  shift, and go to state 101

    $default  reduce using rule 28 (else_statement)

    else_statement  go to state 102


State 99

   31 for_statement: FOR OPENPAREN alr_subexpression SEMI alr_subexpression . SEMI alr_subexpression OPENPAREN statement_block
   40 alr_subexpression: alr_subexpression . ARITH alr_subexpression
   42                  | alr_subexpression . RELN alr_subexpression
   43                  | alr_subexpression . LOGICAL alr_subexpression

    SEMI     shift, and go to state 103
    ARITH    shift, and go to state 73
    RELN     shift, and go to state 74
    LOGICAL  shift, and go to state 75


State 100

   34 print_statement: PRINT OPENPAREN alr_subexpression CLOSEPAREN SEMI .

    $default  reduce using rule 34 (print_statement)


State 101

   29 else_statement: ELSE . supported_statement

    ID          shift, and go to state 35
    OPENPAREN   shift, and go to state 36
    OPENCURLY   shift, and go to state 26
    OPENNEGATE  shift, and go to state 37
    LOGICALNOT  shift, and go to state 38
    IF          shift, and go to state 39
    WHILE       shift, and go to state 40
    FOR         shift, and go to state 41
    RETURN      shift, and go to state 42
    PRINT       shift, and go to state 43
    READ        shift, and go to state 44
    BOOLCONST   shift, and go to state 45
    INTCONST    shift, and go to state 46

    statement_block      go to state 47
    supported_statement  go to state 104
    if_statement         go to state 50
    while_statement      go to state 51
    for_statement        go to state 52
    return_statement     go to state 53
    print_statement      go to state 54
    alr_subexpression    go to state 55
    supported_constant   go to state 56


State 102

   27 if_statement: IF OPENPAREN alr_subexpression CLOSEPAREN statement_block else_statement .

    $default  reduce using rule 27 (if_statement)


State 103

   31 for_statement: FOR OPENPAREN alr_subexpression SEMI alr_subexpression SEMI . alr_subexpression OPENPAREN statement_block

    ID          shift, and go to state 35
    OPENPAREN   shift, and go to state 36
    OPENNEGATE  shift, and go to state 37
    LOGICALNOT  shift, and go to state 38
    READ        shift, and go to state 44
    BOOLCONST   shift, and go to state 45
    INTCONST    shift, and go to state 46

    alr_subexpression   go to state 105
    supported_constant  go to state 56


State 104

   29 else_statement: ELSE supported_statement .

    $default  reduce using rule 29 (else_statement)


State 105

   31 for_statement: FOR OPENPAREN alr_subexpression SEMI alr_subexpression SEMI alr_subexpression . OPENPAREN statement_block
   40 alr_subexpression: alr_subexpression . ARITH alr_subexpression
   42                  | alr_subexpression . RELN alr_subexpression
   43                  | alr_subexpression . LOGICAL alr_subexpression

    OPENPAREN  shift, and go to state 106
    ARITH      shift, and go to state 73
    RELN       shift, and go to state 74
    LOGICAL    shift, and go to state 75


State 106

   31 for_statement: FOR OPENPAREN alr_subexpression SEMI alr_subexpression SEMI alr_subexpression OPENPAREN . statement_block

    OPENCURLY  shift, and go to state 26

    statement_block  go to state 107


State 107

   31 for_statement: FOR OPENPAREN alr_subexpression SEMI alr_subexpression SEMI alr_subexpression OPENPAREN statement_block .

    $default  reduce using rule 31 (for_statement)
